<?xml version="1.0" encoding="UTF-8"?>
<!-- Generated by org.testng.reporters.JUnitXMLReporter -->
<testsuite ignored="0" hostname="CaptainAmerica" failures="0" tests="2" name="Default test" time="40.525" errors="0" timestamp="2021-04-15T01:00:02 CDT">
  <testcase classname="com.crm.qa.testcases.ContactsPageTest" name="verifyContactsLogoTest" time="0.068"/>
  <testcase classname="com.crm.qa.testcases.ContactsPageTest" name="selectContactTest" time="0.001"/>
</testsuite> <!-- Default test -->
