<?xml version="1.0" encoding="UTF-8"?>
<!-- Generated by org.testng.reporters.JUnitXMLReporter -->
<testsuite ignored="0" hostname="CaptainAmerica" failures="0" tests="7" name="Free CRM App Test Cases" time="70.182" errors="0" timestamp="2021-04-15T01:18:00 CDT">
  <testcase classname="com.crm.qa.testcases.LoginPageTest" name="loginPageTitleTest" time="0.013"/>
  <testcase classname="com.crm.qa.testcases.LoginPageTest" name="loginTest" time="1.867"/>
  <testcase classname="com.crm.qa.testcases.HomePageTest" name="verifyHomePageTitleTest" time="0.004"/>
  <testcase classname="com.crm.qa.testcases.HomePageTest" name="verifyCorrectUserNameTest" time="1.455"/>
  <testcase classname="com.crm.qa.testcases.HomePageTest" name="contactsLinkTest" time="0.801"/>
  <testcase classname="com.crm.qa.testcases.ContactsPageTest" name="verifyContactsLogoTest" time="0.032"/>
  <testcase classname="com.crm.qa.testcases.ContactsPageTest" name="selectContactTest" time="0.001"/>
</testsuite> <!-- Free CRM App Test Cases -->
